Using pre-set license
Built from '2022.3/china_unity/release' branch; Version is '2022.3.14f1c1 (25540d4d24fc) revision 2446349'; Using compiler version '192829333'; Build Type 'Release'
OS: 'Windows 10  (10.0.19045) 64bit Professional' Language: 'zh' Physical Memory: 32710 MB
BatchMode: 1, IsHumanControllingUs: 0, StartBugReporterOnCrash: 0, Is64bit: 1, IsPro: 1

COMMAND LINE ARGUMENTS:
C:\Program Files\Unity\Hub\Editor\2022.3.14f1c1\Editor\Unity.exe
-adb2
-batchMode
-noUpm
-name
AssetImportWorker0
-projectPath
D:/UnityProject/FunWorld_War/参考项目/SkillSystem-master
-logFile
Logs/AssetImportWorker0.log
-srvPort
53997
Successfully changed project path to: D:/UnityProject/FunWorld_War/参考项目/SkillSystem-master
D:/UnityProject/FunWorld_War/参考项目/SkillSystem-master
[UnityMemory] Configuration Parameters - Can be set up in boot.config
    "memorysetup-bucket-allocator-granularity=16"
    "memorysetup-bucket-allocator-bucket-count=8"
    "memorysetup-bucket-allocator-block-size=33554432"
    "memorysetup-bucket-allocator-block-count=8"
    "memorysetup-main-allocator-block-size=16777216"
    "memorysetup-thread-allocator-block-size=16777216"
    "memorysetup-gfx-main-allocator-block-size=16777216"
    "memorysetup-gfx-thread-allocator-block-size=16777216"
    "memorysetup-cache-allocator-block-size=4194304"
    "memorysetup-typetree-allocator-block-size=2097152"
    "memorysetup-profiler-bucket-allocator-granularity=16"
    "memorysetup-profiler-bucket-allocator-bucket-count=8"
    "memorysetup-profiler-bucket-allocator-block-size=33554432"
    "memorysetup-profiler-bucket-allocator-block-count=8"
    "memorysetup-profiler-allocator-block-size=16777216"
    "memorysetup-profiler-editor-allocator-block-size=1048576"
    "memorysetup-temp-allocator-size-main=16777216"
    "memorysetup-job-temp-allocator-block-size=2097152"
    "memorysetup-job-temp-allocator-block-size-background=1048576"
    "memorysetup-job-temp-allocator-reduction-small-platforms=262144"
    "memorysetup-allocator-temp-initial-block-size-main=262144"
    "memorysetup-allocator-temp-initial-block-size-worker=262144"
    "memorysetup-temp-allocator-size-background-worker=32768"
    "memorysetup-temp-allocator-size-job-worker=262144"
    "memorysetup-temp-allocator-size-preload-manager=33554432"
    "memorysetup-temp-allocator-size-nav-mesh-worker=65536"
    "memorysetup-temp-allocator-size-audio-worker=65536"
    "memorysetup-temp-allocator-size-cloud-worker=32768"
    "memorysetup-temp-allocator-size-gi-baking-worker=262144"
    "memorysetup-temp-allocator-size-gfx=262144"
Player connection [27132] Host "[IP] 192.168.13.141 [Port] 0 [Flags] 2 [Guid] 268679217 [EditorId] 268679217 [Version] 1048832 [Id] WindowsEditor(7,SK-20220725NFXU) [Debug] 1 [PackageName] WindowsEditor [ProjectName] Editor" joined multi-casting on [225.0.0.222:54997]...

Player connection [27132] Host "[IP] 192.168.13.141 [Port] 0 [Flags] 2 [Guid] 268679217 [EditorId] 268679217 [Version] 1048832 [Id] WindowsEditor(7,SK-20220725NFXU) [Debug] 1 [PackageName] WindowsEditor [ProjectName] Editor" joined alternative multi-casting on [225.0.0.222:34997]...

[Physics::Module] Initialized MultithreadedJobDispatcher with 7 workers.
Refreshing native plugins compatible for Editor in 26.59 ms, found 2 plugins.
Preloading 0 native plugins for Editor in 0.00 ms.
Initialize engine version: 2022.3.14f1c1 (25540d4d24fc)
[Subsystems] Discovering subsystems at path C:/Program Files/Unity/Hub/Editor/2022.3.14f1c1/Editor/Data/Resources/UnitySubsystems
[Subsystems] Discovering subsystems at path D:/UnityProject/FunWorld_War/参考项目/SkillSystem-master/Assets
GfxDevice: creating device client; threaded=0; jobified=0
Direct3D:
    Version:  Direct3D 11.0 [level 11.1]
    Renderer: NVIDIA GeForce RTX 2060 (ID=0x1e89)
    Vendor:   NVIDIA
    VRAM:     5945 MB
    Driver:   32.0.15.6094
Initialize mono
Mono path[0] = 'C:/Program Files/Unity/Hub/Editor/2022.3.14f1c1/Editor/Data/Managed'
Mono path[1] = 'C:/Program Files/Unity/Hub/Editor/2022.3.14f1c1/Editor/Data/MonoBleedingEdge/lib/mono/unityjit-win32'
Mono config path = 'C:/Program Files/Unity/Hub/Editor/2022.3.14f1c1/Editor/Data/MonoBleedingEdge/etc'
Using monoOptions --debugger-agent=transport=dt_socket,embedding=1,server=y,suspend=n,address=127.0.0.1:56940
Begin MonoManager ReloadAssembly
Registering precompiled unity dll's ...
Register platform support module: C:/Program Files/Unity/Hub/Editor/2022.3.14f1c1/Editor/Data/PlaybackEngines/AndroidPlayer/UnityEditor.Android.Extensions.dll
Register platform support module: C:/Program Files/Unity/Hub/Editor/2022.3.14f1c1/Editor/Data/PlaybackEngines/WindowsStandaloneSupport/UnityEditor.WindowsStandalone.Extensions.dll
Registered in 0.015294 seconds.
- Loaded All Assemblies, in  0.712 seconds
Native extension for WindowsStandalone target not found
Native extension for Android target not found
Unauthorized device detected, Id: K74X6PDMFUGITCIZ, please add debug authorization and reconnect.
UnityEngine.StackTraceUtility:ExtractStackTrace ()
UnityEngine.DebugLogHandler:LogFormat (UnityEngine.LogType,UnityEngine.Object,string,object[])
UnityEngine.Logger:LogFormat (UnityEngine.LogType,string,object[])
UnityEngine.Debug:LogFormat (string,object[])
UnityEditor.Android.AndroidDeploymentTargetsExtension:GetKnownTargets (UnityEditor.DeploymentTargets.IDeploymentTargetsMainThreadContext,UnityEditor.ProgressHandler)
UnityEditor.Android.TargetScanWorker:ScanSync ()
UnityEditor.Android.TargetExtension:OnUsbDevicesChanged (UnityEditor.Hardware.UsbDevice[])
UnityEditor.Android.TargetExtension:OnLoad ()
UnityEditor.Modules.ModuleManager:InitializePlatformSupportModules ()

Android Extension - Scanning For ADB Devices 628 ms
Mono: successfully reloaded assembly
- Finished resetting the current domain, in  1.218 seconds
Domain Reload Profiling: 1923ms
	BeginReloadAssembly (231ms)
		ExecutionOrderSort (0ms)
		DisableScriptedObjects (0ms)
		BackupInstance (0ms)
		ReleaseScriptingObjects (0ms)
		CreateAndSetChildDomain (1ms)
	RebuildCommonClasses (61ms)
	RebuildNativeTypeToScriptingClass (24ms)
	initialDomainReloadingComplete (94ms)
	LoadAllAssembliesAndSetupDomain (295ms)
		LoadAssemblies (226ms)
		RebuildTransferFunctionScriptingTraits (0ms)
		AnalyzeDomain (288ms)
			TypeCache.Refresh (285ms)
				TypeCache.ScanAssembly (260ms)
			ScanForSourceGeneratedMonoScriptInfo (1ms)
			ResolveRequiredComponents (1ms)
	FinalizeReload (1219ms)
		ReleaseScriptCaches (0ms)
		RebuildScriptCaches (0ms)
		SetupLoadedEditorAssemblies (1097ms)
			LogAssemblyErrors (0ms)
			InitializePlatformSupportModulesInManaged (809ms)
			SetLoadedEditorAssemblies (7ms)
			RefreshPlugins (0ms)
			BeforeProcessingInitializeOnLoad (5ms)
			ProcessInitializeOnLoadAttributes (172ms)
			ProcessInitializeOnLoadMethodAttributes (104ms)
			AfterProcessingInitializeOnLoad (0ms)
			EditorAssembliesLoaded (1ms)
		ExecutionOrderSort2 (0ms)
		AwakeInstancesAfterBackupRestoration (0ms)
========================================================================
Worker process is ready to serve import requests
Begin MonoManager ReloadAssembly
Assembly 'Assets/Plugins/Editor/JetBrains/JetBrains.Rider.Unity.Editor.Plugin.Repacked.dll' will not be loaded due to errors:
Assembly name 'JetBrains.Rider.Unity.Editor.Plugin.Full.Repacked' does not match file name 'JetBrains.Rider.Unity.Editor.Plugin.Repacked'
Symbol file LoadedFromMemory is not a mono symbol file
- Loaded All Assemblies, in  0.933 seconds
Refreshing native plugins compatible for Editor in 12.50 ms, found 2 plugins.
Native extension for WindowsStandalone target not found
Native extension for Android target not found
Package Manager log level set to [2]
[Package Manager] Server::EnsureServerProcessIsRunning -- launch failed, reason: Unity was launched with the -noUpm command-line argument
[Package Manager] UpmClient::Send -- Unable to send message (not connected to UPM process).
[Package Manager] Cannot connect to Unity Package Manager local server
Mono: successfully reloaded assembly
- Finished resetting the current domain, in  1.034 seconds
Domain Reload Profiling: 1961ms
	BeginReloadAssembly (235ms)
		ExecutionOrderSort (0ms)
		DisableScriptedObjects (8ms)
		BackupInstance (0ms)
		ReleaseScriptingObjects (0ms)
		CreateAndSetChildDomain (31ms)
	RebuildCommonClasses (48ms)
	RebuildNativeTypeToScriptingClass (15ms)
	initialDomainReloadingComplete (65ms)
	LoadAllAssembliesAndSetupDomain (563ms)
		LoadAssemblies (502ms)
		RebuildTransferFunctionScriptingTraits (0ms)
		AnalyzeDomain (202ms)
			TypeCache.Refresh (169ms)
				TypeCache.ScanAssembly (135ms)
			ScanForSourceGeneratedMonoScriptInfo (28ms)
			ResolveRequiredComponents (4ms)
	FinalizeReload (1035ms)
		ReleaseScriptCaches (0ms)
		RebuildScriptCaches (0ms)
		SetupLoadedEditorAssemblies (840ms)
			LogAssemblyErrors (0ms)
			InitializePlatformSupportModulesInManaged (36ms)
			SetLoadedEditorAssemblies (6ms)
			RefreshPlugins (0ms)
			BeforeProcessingInitializeOnLoad (118ms)
			ProcessInitializeOnLoadAttributes (419ms)
			ProcessInitializeOnLoadMethodAttributes (241ms)
			AfterProcessingInitializeOnLoad (19ms)
			EditorAssembliesLoaded (0ms)
		ExecutionOrderSort2 (0ms)
		AwakeInstancesAfterBackupRestoration (7ms)
Launched and connected shader compiler UnityShaderCompiler.exe after 0.06 seconds
Refreshing native plugins compatible for Editor in 11.40 ms, found 2 plugins.
Preloading 0 native plugins for Editor in 0.00 ms.
Unloading 2562 Unused Serialized files (Serialized files now loaded: 0)
Unloading 64 unused Assets / (69.1 KB). Loaded Objects now: 3007.
Memory consumption went from 115.5 MB to 115.5 MB.
Total: 9.369900 ms (FindLiveObjects: 0.533100 ms CreateObjectMapping: 0.497100 ms MarkObjects: 8.153100 ms  DeleteObjects: 0.185600 ms)

AssetImportParameters requested are different than current active one (requested -> active):
  custom:video-decoder-webm-vp8: 9c59270c3fd7afecdb556c50c9e8de78 -> 
  custom:SearchIndexIgnoredProperties: e643bd26f0fe6173181afceb89e7c659 -> 
  custom:container-demuxer-ogg: 62fdf1f143b41e24485cea50d1cbac27 -> 
  custom:AudioImporter_EditorPlatform: d09bf68614088b80899f8185d706f6e7 -> 
  custom:video-decoder-ogg-theora: a1e56fd34408186e4bbccfd4996cb3dc -> 
  custom:framework-win-MediaFoundation: 216162199b28c13a410421893ffa2e32 -> 
  custom:video-encoder-webm-vp8: eb34c28f22e8b96e1ab97ce403110664 -> 
  custom:audio-decoder-ogg-vorbis: bf7c407c2cedff20999df2af8eb42d56 -> 
  custom:CustomObjectIndexerAttribute: 756ad292c208cfabdd7b50bc23989ffe -> 
  custom:container-demuxer-webm: 4f35f7cbe854078d1ac9338744f61a02 -> 
  custom:audio-encoder-webm-vorbis: bf7c407c2cedff20999df2af8eb42d56 -> 
  custom:container-muxer-webm: aa71ff27fc2769a1b78a27578f13a17b -> 
========================================================================
Received Import Request.
  Time since last request: 1743065.902246 seconds.
  path: Assets/Scripts
  artifactKey: Guid(381e862a3af656f44876f79130c06c37) Importer(815301076,1909f56bfc062723c751e8b465ee728b)
Start importing Assets/Scripts using Guid(381e862a3af656f44876f79130c06c37) Importer(815301076,1909f56bfc062723c751e8b465ee728b)  -> (artifact id: 'c96187140772e9a5ec0f5d582cca98dd') in 0.003408 seconds
Number of updated asset objects reloaded before import = 0
Number of asset objects unloaded after import = 0
========================================================================
Received Import Request.
  Time since last request: 0.000030 seconds.
  path: Assets/Plugins/Editor
  artifactKey: Guid(c1091a57ce94dbd42abaaf91cd0bfe78) Importer(815301076,1909f56bfc062723c751e8b465ee728b)
Start importing Assets/Plugins/Editor using Guid(c1091a57ce94dbd42abaaf91cd0bfe78) Importer(815301076,1909f56bfc062723c751e8b465ee728b)  -> (artifact id: '0192e9977989b37b3309c2eadc42ac1e') in 0.001144 seconds
Number of updated asset objects reloaded before import = 0
Number of asset objects unloaded after import = 0
========================================================================
Received Import Request.
  Time since last request: 0.000034 seconds.
  path: Assets/Resources
  artifactKey: Guid(8211519f5747a5149b78f1c004c79a60) Importer(815301076,1909f56bfc062723c751e8b465ee728b)
Start importing Assets/Resources using Guid(8211519f5747a5149b78f1c004c79a60) Importer(815301076,1909f56bfc062723c751e8b465ee728b)  -> (artifact id: '673bb34eabcf56ff296c8a0267ad607e') in 0.000638 seconds
Number of updated asset objects reloaded before import = 0
Number of asset objects unloaded after import = 0
========================================================================
Received Import Request.
  Time since last request: 0.000046 seconds.
  path: Assets/Plugins
  artifactKey: Guid(cd8163cf2e15a0149a66846e3158f77f) Importer(815301076,1909f56bfc062723c751e8b465ee728b)
Start importing Assets/Plugins using Guid(cd8163cf2e15a0149a66846e3158f77f) Importer(815301076,1909f56bfc062723c751e8b465ee728b)  -> (artifact id: '631d055d2079ecd72c5253b4b2dfa605') in 0.000409 seconds
Number of updated asset objects reloaded before import = 0
Number of asset objects unloaded after import = 0
========================================================================
Received Import Request.
  Time since last request: 0.000219 seconds.
  path: Assets/Scenes/SampleScene.unity
  artifactKey: Guid(99c9720ab356a0642a771bea13969a05) Importer(815301076,1909f56bfc062723c751e8b465ee728b)
Start importing Assets/Scenes/SampleScene.unity using Guid(99c9720ab356a0642a771bea13969a05) Importer(815301076,1909f56bfc062723c751e8b465ee728b)  -> (artifact id: '981ebc89497ed70bd85a30d05105eedf') in 0.000620 seconds
Number of updated asset objects reloaded before import = 0
Number of asset objects unloaded after import = 0
========================================================================
Received Import Request.
  Time since last request: 0.000019 seconds.
  path: Assets/技能流程.png
  artifactKey: Guid(df7a7709ec426ca4b996ae7779bedf6b) Importer(815301076,1909f56bfc062723c751e8b465ee728b)
Start importing Assets/技能流程.png using Guid(df7a7709ec426ca4b996ae7779bedf6b) Importer(815301076,1909f56bfc062723c751e8b465ee728b)  -> (artifact id: '5fedec1648dddc5c33a4ce3046b17d90') in 0.138615 seconds
Number of updated asset objects reloaded before import = 0
Number of asset objects unloaded after import = 2
========================================================================
Received Import Request.
  Time since last request: 0.000016 seconds.
  path: Assets/Scenes
  artifactKey: Guid(4f704ae4b4f98ae41a0bce26658850c1) Importer(815301076,1909f56bfc062723c751e8b465ee728b)
Start importing Assets/Scenes using Guid(4f704ae4b4f98ae41a0bce26658850c1) Importer(815301076,1909f56bfc062723c751e8b465ee728b)  -> (artifact id: '68d7cbb479b75ef3ce91f4c2aaaaf7f1') in 0.000480 seconds
Number of updated asset objects reloaded before import = 0
Number of asset objects unloaded after import = 0
========================================================================
Received Import Request.
  Time since last request: 0.467974 seconds.
  path: Assets/Plugins/Editor/JetBrains
  artifactKey: Guid(e332782c02e2fe544a3b84f9b4b46165) Importer(815301076,1909f56bfc062723c751e8b465ee728b)
Start importing Assets/Plugins/Editor/JetBrains using Guid(e332782c02e2fe544a3b84f9b4b46165) Importer(815301076,1909f56bfc062723c751e8b465ee728b)  -> (artifact id: '026af0356c53f73fac84235c8051286d') in 0.000571 seconds
Number of updated asset objects reloaded before import = 0
Number of asset objects unloaded after import = 0
========================================================================
Received Import Request.
  Time since last request: 0.520260 seconds.
  path: Assets/Plugins/Editor/JetBrains/JetBrains.Rider.Unity.Editor.Plugin.Repacked.dll
  artifactKey: Guid(33958dd6c91eb404cbdfa0de66611946) Importer(815301076,1909f56bfc062723c751e8b465ee728b)
Start importing Assets/Plugins/Editor/JetBrains/JetBrains.Rider.Unity.Editor.Plugin.Repacked.dll using Guid(33958dd6c91eb404cbdfa0de66611946) Importer(815301076,1909f56bfc062723c751e8b465ee728b)  -> (artifact id: 'ae0210126fd42267acf6181141b7d23e') in 0.000943 seconds
Number of updated asset objects reloaded before import = 0
Number of asset objects unloaded after import = 0
========================================================================
Received Import Request.
  Time since last request: 3.385616 seconds.
  path: Assets/Resources/BillingMode.json
  artifactKey: Guid(0cce9e51aa0bd684792d4cb1a2a1380f) Importer(815301076,1909f56bfc062723c751e8b465ee728b)
Start importing Assets/Resources/BillingMode.json using Guid(0cce9e51aa0bd684792d4cb1a2a1380f) Importer(815301076,1909f56bfc062723c751e8b465ee728b)  -> (artifact id: 'bb9e7a2f7ca77743fdf2b6af5fdd6602') in 0.001202 seconds
Number of updated asset objects reloaded before import = 0
Number of asset objects unloaded after import = 1
========================================================================
Received Import Request.
  Time since last request: 3.983495 seconds.
  path: Assets/Scripts/Base
  artifactKey: Guid(5844b5d250b02824dab321ec11076dbe) Importer(815301076,1909f56bfc062723c751e8b465ee728b)
Start importing Assets/Scripts/Base using Guid(5844b5d250b02824dab321ec11076dbe) Importer(815301076,1909f56bfc062723c751e8b465ee728b)  -> (artifact id: '23a9f9a6c867123e0d919f55a113b05f') in 0.000612 seconds
Number of updated asset objects reloaded before import = 0
Number of asset objects unloaded after import = 0
========================================================================
Received Import Request.
  Time since last request: 0.244732 seconds.
  path: Assets/Scripts/Event
  artifactKey: Guid(7913bc37017cc0049a4505aaa68422f2) Importer(815301076,1909f56bfc062723c751e8b465ee728b)
Start importing Assets/Scripts/Event using Guid(7913bc37017cc0049a4505aaa68422f2) Importer(815301076,1909f56bfc062723c751e8b465ee728b)  -> (artifact id: '80bd0342a1ddabf10f5c586216f04cb9') in 0.000736 seconds
Number of updated asset objects reloaded before import = 0
Number of asset objects unloaded after import = 0
========================================================================
Received Import Request.
  Time since last request: 0.209169 seconds.
  path: Assets/Scripts/Skill
  artifactKey: Guid(742b92b2a0684224f95fd7284911cdc6) Importer(815301076,1909f56bfc062723c751e8b465ee728b)
Start importing Assets/Scripts/Skill using Guid(742b92b2a0684224f95fd7284911cdc6) Importer(815301076,1909f56bfc062723c751e8b465ee728b)  -> (artifact id: 'f5de918cb658b50890ba561305df0baf') in 0.000497 seconds
Number of updated asset objects reloaded before import = 0
Number of asset objects unloaded after import = 0
========================================================================
Received Import Request.
  Time since last request: 0.658331 seconds.
  path: Assets/Scripts/Task
  artifactKey: Guid(dc3d468694d84404d99cf89cd86bd5c3) Importer(815301076,1909f56bfc062723c751e8b465ee728b)
Start importing Assets/Scripts/Task using Guid(dc3d468694d84404d99cf89cd86bd5c3) Importer(815301076,1909f56bfc062723c751e8b465ee728b)  -> (artifact id: '014e3ff97c892da6e131473d33cb9ec2') in 0.000896 seconds
Number of updated asset objects reloaded before import = 0
Number of asset objects unloaded after import = 0
========================================================================
Received Import Request.
  Time since last request: 4.216296 seconds.
  path: Assets/Scripts/Base/ISingleton.cs
  artifactKey: Guid(e845661ed9f7f7440b35a5af3acb8430) Importer(815301076,1909f56bfc062723c751e8b465ee728b)
Start importing Assets/Scripts/Base/ISingleton.cs using Guid(e845661ed9f7f7440b35a5af3acb8430) Importer(815301076,1909f56bfc062723c751e8b465ee728b)  -> (artifact id: '1af66aa275052e64740253ad6b24957f') in 0.000699 seconds
Number of updated asset objects reloaded before import = 0
Number of asset objects unloaded after import = 0
========================================================================
Received Import Request.
  Time since last request: 0.318440 seconds.
  path: Assets/Scripts/Base/MonoSingleton.cs
  artifactKey: Guid(d5cf454614149e74ab1465185c073681) Importer(815301076,1909f56bfc062723c751e8b465ee728b)
Start importing Assets/Scripts/Base/MonoSingleton.cs using Guid(d5cf454614149e74ab1465185c073681) Importer(815301076,1909f56bfc062723c751e8b465ee728b)  -> (artifact id: '0d1de3d04e3358de0c50e35ee39fd534') in 0.000618 seconds
Number of updated asset objects reloaded before import = 0
Number of asset objects unloaded after import = 0
========================================================================
Received Import Request.
  Time since last request: 2.243205 seconds.
  path: Assets/Scripts/Event/EventsMgr.cs
  artifactKey: Guid(88647b0d18d59744099676314473101a) Importer(815301076,1909f56bfc062723c751e8b465ee728b)
Start importing Assets/Scripts/Event/EventsMgr.cs using Guid(88647b0d18d59744099676314473101a) Importer(815301076,1909f56bfc062723c751e8b465ee728b)  -> (artifact id: '00dc68a8996bfdb1650286c0bdb2759f') in 0.000604 seconds
Number of updated asset objects reloaded before import = 0
Number of asset objects unloaded after import = 0
========================================================================
Received Import Request.
  Time since last request: 0.353632 seconds.
  path: Assets/Scripts/Event/EventsType.cs
  artifactKey: Guid(039e8031c40786743928ee4d6657e149) Importer(815301076,1909f56bfc062723c751e8b465ee728b)
Start importing Assets/Scripts/Event/EventsType.cs using Guid(039e8031c40786743928ee4d6657e149) Importer(815301076,1909f56bfc062723c751e8b465ee728b)  -> (artifact id: 'a4e8358f74dd68c9e11a0fa2ee747eb8') in 0.000855 seconds
Number of updated asset objects reloaded before import = 0
Number of asset objects unloaded after import = 0
========================================================================
Received Import Request.
  Time since last request: 4.247166 seconds.
  path: Assets/Scripts/Skill/Skill
  artifactKey: Guid(d1867fc083b6c8d4bbb785b9be498054) Importer(815301076,1909f56bfc062723c751e8b465ee728b)
Start importing Assets/Scripts/Skill/Skill using Guid(d1867fc083b6c8d4bbb785b9be498054) Importer(815301076,1909f56bfc062723c751e8b465ee728b)  -> (artifact id: 'd0df8dfcc75706f191801b8ab05b2bc9') in 0.000445 seconds
Number of updated asset objects reloaded before import = 0
Number of asset objects unloaded after import = 0
========================================================================
Received Import Request.
  Time since last request: 0.619981 seconds.
  path: Assets/Scripts/Skill/Skill/Attribute
  artifactKey: Guid(7388f4b0e46fa254c8374c2e4d993f5c) Importer(815301076,1909f56bfc062723c751e8b465ee728b)
Start importing Assets/Scripts/Skill/Skill/Attribute using Guid(7388f4b0e46fa254c8374c2e4d993f5c) Importer(815301076,1909f56bfc062723c751e8b465ee728b)  -> (artifact id: 'c0270e3a884be3713ca1aaedc4e86818') in 0.000520 seconds
Number of updated asset objects reloaded before import = 0
Number of asset objects unloaded after import = 0
========================================================================
Received Import Request.
  Time since last request: 1.001384 seconds.
  path: Assets/Scripts/Skill/Skill/Task
  artifactKey: Guid(439eb3fb4e6c26345bc23a2b6dd900de) Importer(815301076,1909f56bfc062723c751e8b465ee728b)
Start importing Assets/Scripts/Skill/Skill/Task using Guid(439eb3fb4e6c26345bc23a2b6dd900de) Importer(815301076,1909f56bfc062723c751e8b465ee728b)  -> (artifact id: '7b6bcaf2953a6c13da526781f8a87df1') in 0.000641 seconds
Number of updated asset objects reloaded before import = 0
Number of asset objects unloaded after import = 0
========================================================================
Received Import Request.
  Time since last request: 0.758757 seconds.
  path: Assets/Scripts/Skill/Skill/Task/CastCondition.cs
  artifactKey: Guid(5e9a2e1c206094645a99f24e38b9cfc4) Importer(815301076,1909f56bfc062723c751e8b465ee728b)
Start importing Assets/Scripts/Skill/Skill/Task/CastCondition.cs using Guid(5e9a2e1c206094645a99f24e38b9cfc4) Importer(815301076,1909f56bfc062723c751e8b465ee728b)  -> (artifact id: 'cf2dde27d217862a60ef8c4299474eee') in 0.000886 seconds
Number of updated asset objects reloaded before import = 0
Number of asset objects unloaded after import = 0
========================================================================
Received Import Request.
  Time since last request: 3.443531 seconds.
  path: Assets
  artifactKey: Guid(00000000000000001000000000000000) Importer(815301076,1909f56bfc062723c751e8b465ee728b)
Start importing Assets using Guid(00000000000000001000000000000000) Importer(815301076,1909f56bfc062723c751e8b465ee728b)  -> (artifact id: '8a4fe85251aa2e89732c359432baa2c3') in 0.000436 seconds
Number of updated asset objects reloaded before import = 0
Number of asset objects unloaded after import = 0
========================================================================
Received Import Request.
  Time since last request: 71.639381 seconds.
  path: Assets/Scripts/Skill/Table
  artifactKey: Guid(8fc1fcb56d89d0248abe1208fc34c3b2) Importer(815301076,1909f56bfc062723c751e8b465ee728b)
Start importing Assets/Scripts/Skill/Table using Guid(8fc1fcb56d89d0248abe1208fc34c3b2) Importer(815301076,1909f56bfc062723c751e8b465ee728b)  -> (artifact id: 'd896a8a2087388427a63422fd41dd0dd') in 0.000865 seconds
Number of updated asset objects reloaded before import = 0
Number of asset objects unloaded after import = 0
========================================================================
Received Import Request.
  Time since last request: 2.004747 seconds.
  path: Assets/Scripts/Skill/Skill/Interrupt
  artifactKey: Guid(49f98a33332a6b44bbd551cef1c8306c) Importer(815301076,1909f56bfc062723c751e8b465ee728b)
Start importing Assets/Scripts/Skill/Skill/Interrupt using Guid(49f98a33332a6b44bbd551cef1c8306c) Importer(815301076,1909f56bfc062723c751e8b465ee728b)  -> (artifact id: '0f5f5bcfbb8dcc59c33862080659f3bc') in 0.000558 seconds
Number of updated asset objects reloaded before import = 0
Number of asset objects unloaded after import = 0
========================================================================
Received Import Request.
  Time since last request: 1.689952 seconds.
  path: Assets/Scripts/Skill/Skill/Verify
  artifactKey: Guid(eb7c641ca190f9942b01c14d3e9a11b0) Importer(815301076,1909f56bfc062723c751e8b465ee728b)
Start importing Assets/Scripts/Skill/Skill/Verify using Guid(eb7c641ca190f9942b01c14d3e9a11b0) Importer(815301076,1909f56bfc062723c751e8b465ee728b)  -> (artifact id: '6e1f512d3f8945f918728cf73036d1b8') in 0.000525 seconds
Number of updated asset objects reloaded before import = 0
Number of asset objects unloaded after import = 0
========================================================================
Received Import Request.
  Time since last request: 1.457304 seconds.
  path: Assets/Scripts/Skill/Skill/Exception
  artifactKey: Guid(4b1452d846c5501418a966a4ecdebf3d) Importer(815301076,1909f56bfc062723c751e8b465ee728b)
Start importing Assets/Scripts/Skill/Skill/Exception using Guid(4b1452d846c5501418a966a4ecdebf3d) Importer(815301076,1909f56bfc062723c751e8b465ee728b)  -> (artifact id: '06bde84c26efd2ce5769e01c2df6078a') in 0.001071 seconds
Number of updated asset objects reloaded before import = 0
Number of asset objects unloaded after import = 0
========================================================================
Received Import Request.
  Time since last request: 0.976170 seconds.
  path: Assets/Scripts/Skill/Skill/Entity
  artifactKey: Guid(0600ee15f16184f4199425589691a8e0) Importer(815301076,1909f56bfc062723c751e8b465ee728b)
Start importing Assets/Scripts/Skill/Skill/Entity using Guid(0600ee15f16184f4199425589691a8e0) Importer(815301076,1909f56bfc062723c751e8b465ee728b)  -> (artifact id: '59ea1a7988ac1a5536d9af111083778a') in 0.000945 seconds
Number of updated asset objects reloaded before import = 0
Number of asset objects unloaded after import = 0
========================================================================
Received Import Request.
  Time since last request: 1.006715 seconds.
  path: Assets/Scripts/Skill/Skill/Damage
  artifactKey: Guid(5303486bc4a641e4da0c46c3f9f652b7) Importer(815301076,1909f56bfc062723c751e8b465ee728b)
Start importing Assets/Scripts/Skill/Skill/Damage using Guid(5303486bc4a641e4da0c46c3f9f652b7) Importer(815301076,1909f56bfc062723c751e8b465ee728b)  -> (artifact id: '2d108f2bbd75437be79233073f7bed58') in 0.000766 seconds
Number of updated asset objects reloaded before import = 0
Number of asset objects unloaded after import = 0
========================================================================
Received Import Request.
  Time since last request: 1.977785 seconds.
  path: Assets/Scripts/Skill/Skill/Damage/FixAddHp.cs
  artifactKey: Guid(5ceb153fcac37634a8115ee1a72fb9ed) Importer(815301076,1909f56bfc062723c751e8b465ee728b)
Start importing Assets/Scripts/Skill/Skill/Damage/FixAddHp.cs using Guid(5ceb153fcac37634a8115ee1a72fb9ed) Importer(815301076,1909f56bfc062723c751e8b465ee728b)  -> (artifact id: '80736f8e2d0a622636185caffea0ef33') in 0.000566 seconds
Number of updated asset objects reloaded before import = 0
Number of asset objects unloaded after import = 0
========================================================================
Received Import Request.
  Time since last request: 0.290160 seconds.
  path: Assets/Scripts/Skill/Skill/Damage/IDamage.cs
  artifactKey: Guid(1adc2a76fde65754e8d45719380b69a2) Importer(815301076,1909f56bfc062723c751e8b465ee728b)
Start importing Assets/Scripts/Skill/Skill/Damage/IDamage.cs using Guid(1adc2a76fde65754e8d45719380b69a2) Importer(815301076,1909f56bfc062723c751e8b465ee728b)  -> (artifact id: '12be85b600a87f4f5c320e719bb12200') in 0.000565 seconds
Number of updated asset objects reloaded before import = 0
Number of asset objects unloaded after import = 0
========================================================================
Received Import Request.
  Time since last request: 0.302218 seconds.
  path: Assets/Scripts/Skill/Skill/Damage/NormalAttack.cs
  artifactKey: Guid(32a5a99ef2cf12a4094c09a848c46bd8) Importer(815301076,1909f56bfc062723c751e8b465ee728b)
Start importing Assets/Scripts/Skill/Skill/Damage/NormalAttack.cs using Guid(32a5a99ef2cf12a4094c09a848c46bd8) Importer(815301076,1909f56bfc062723c751e8b465ee728b)  -> (artifact id: '87901e447aa940a48d0c3e47a7ba1616') in 0.000778 seconds
Number of updated asset objects reloaded before import = 0
Number of asset objects unloaded after import = 0
========================================================================
Received Import Request.
  Time since last request: 1.640140 seconds.
  path: Assets/Scripts/Skill/Skill/Cast
  artifactKey: Guid(6a5b04fdab0132242a5ba7d7f165f559) Importer(815301076,1909f56bfc062723c751e8b465ee728b)
Start importing Assets/Scripts/Skill/Skill/Cast using Guid(6a5b04fdab0132242a5ba7d7f165f559) Importer(815301076,1909f56bfc062723c751e8b465ee728b)  -> (artifact id: 'f15edb091ca10bb1a654899f9d822c83') in 0.000590 seconds
Number of updated asset objects reloaded before import = 0
Number of asset objects unloaded after import = 0
========================================================================
Received Import Request.
  Time since last request: 0.528185 seconds.
  path: Assets/Scripts/Skill/Skill/Cast/HitViewer.cs
  artifactKey: Guid(82db4d302881f354ba0aa76318584f7e) Importer(815301076,1909f56bfc062723c751e8b465ee728b)
Start importing Assets/Scripts/Skill/Skill/Cast/HitViewer.cs using Guid(82db4d302881f354ba0aa76318584f7e) Importer(815301076,1909f56bfc062723c751e8b465ee728b)  -> (artifact id: '29c37a72cc326e955a7ab098f1283f33') in 0.000541 seconds
Number of updated asset objects reloaded before import = 0
Number of asset objects unloaded after import = 0
========================================================================
Received Import Request.
  Time since last request: 2.594345 seconds.
  path: Assets/Scripts/Skill/Skill/Attribute/Attribute.cs
  artifactKey: Guid(dc7b82b6762e6ef4e985aca427d7b2b9) Importer(815301076,1909f56bfc062723c751e8b465ee728b)
Start importing Assets/Scripts/Skill/Skill/Attribute/Attribute.cs using Guid(dc7b82b6762e6ef4e985aca427d7b2b9) Importer(815301076,1909f56bfc062723c751e8b465ee728b)  -> (artifact id: '2c5239e5231d380dcfe992890098a39a') in 0.040225 seconds
Number of updated asset objects reloaded before import = 0
Number of asset objects unloaded after import = 0
========================================================================
Received Import Request.
  Time since last request: 4.374174 seconds.
  path: Assets/Scripts/Task/TirggerCondition.cs
  artifactKey: Guid(7a781309711f0474eb49fba25c6b03b6) Importer(815301076,1909f56bfc062723c751e8b465ee728b)
Start importing Assets/Scripts/Task/TirggerCondition.cs using Guid(7a781309711f0474eb49fba25c6b03b6) Importer(815301076,1909f56bfc062723c751e8b465ee728b)  -> (artifact id: '969a7d9d2117ce4c28410c316ac0df0b') in 0.000962 seconds
Number of updated asset objects reloaded before import = 0
Number of asset objects unloaded after import = 0
========================================================================
Received Import Request.
  Time since last request: 0.473267 seconds.
  path: Assets/Scripts/Task/TestTask.cs
  artifactKey: Guid(c1c29a664a72a1a4daa15f6ca8faf44c) Importer(815301076,1909f56bfc062723c751e8b465ee728b)
Start importing Assets/Scripts/Task/TestTask.cs using Guid(c1c29a664a72a1a4daa15f6ca8faf44c) Importer(815301076,1909f56bfc062723c751e8b465ee728b)  -> (artifact id: '7be3b61fd82097fa373e09c77e6b56ef') in 0.000615 seconds
Number of updated asset objects reloaded before import = 0
Number of asset objects unloaded after import = 0
========================================================================
Received Import Request.
  Time since last request: 0.277549 seconds.
  path: Assets/Scripts/Task/TaskManager.cs
  artifactKey: Guid(836649c6fdc9e3d4cb9824614a93b439) Importer(815301076,1909f56bfc062723c751e8b465ee728b)
Start importing Assets/Scripts/Task/TaskManager.cs using Guid(836649c6fdc9e3d4cb9824614a93b439) Importer(815301076,1909f56bfc062723c751e8b465ee728b)  -> (artifact id: '6d506473d951d42202550e9dfa128b4c') in 0.001337 seconds
Number of updated asset objects reloaded before import = 0
Number of asset objects unloaded after import = 0
========================================================================
Received Import Request.
  Time since last request: 0.313046 seconds.
  path: Assets/Scripts/Task/TaskCoroutine.cs
  artifactKey: Guid(2749638e35a1af14abd9e894d390e413) Importer(815301076,1909f56bfc062723c751e8b465ee728b)
Start importing Assets/Scripts/Task/TaskCoroutine.cs using Guid(2749638e35a1af14abd9e894d390e413) Importer(815301076,1909f56bfc062723c751e8b465ee728b)  -> (artifact id: '125e2b3e0a7623528f3eb56470e96894') in 0.000911 seconds
Number of updated asset objects reloaded before import = 0
Number of asset objects unloaded after import = 0
========================================================================
Received Import Request.
  Time since last request: 9.244356 seconds.
  path: Assets/Scripts/Task/TimeCondition.cs
  artifactKey: Guid(9436e6d752701ec498ff3a6846a8755d) Importer(815301076,1909f56bfc062723c751e8b465ee728b)
Start importing Assets/Scripts/Task/TimeCondition.cs using Guid(9436e6d752701ec498ff3a6846a8755d) Importer(815301076,1909f56bfc062723c751e8b465ee728b)  -> (artifact id: 'c5a9d98fe96986e513c1e784543c5eae') in 0.000575 seconds
Number of updated asset objects reloaded before import = 0
Number of asset objects unloaded after import = 0
========================================================================
Received Import Request.
  Time since last request: 1.460460 seconds.
  path: Assets/Scripts/Task/TimesCondition.cs
  artifactKey: Guid(7cfcc51ae1bf5e24182ffe19bc521547) Importer(815301076,1909f56bfc062723c751e8b465ee728b)
Start importing Assets/Scripts/Task/TimesCondition.cs using Guid(7cfcc51ae1bf5e24182ffe19bc521547) Importer(815301076,1909f56bfc062723c751e8b465ee728b)  -> (artifact id: '953d180cfcd684987c4fc9a56acb668b') in 0.000787 seconds
Number of updated asset objects reloaded before import = 0
Number of asset objects unloaded after import = 0
========================================================================
Received Import Request.
  Time since last request: 12.391149 seconds.
  path: Assets/Scripts/Task/Task.cs
  artifactKey: Guid(7c4d7a07e8464984dab1ad9c7bd180c6) Importer(815301076,1909f56bfc062723c751e8b465ee728b)
Start importing Assets/Scripts/Task/Task.cs using Guid(7c4d7a07e8464984dab1ad9c7bd180c6) Importer(815301076,1909f56bfc062723c751e8b465ee728b)  -> (artifact id: '93a52a650430c20e673dace94cb084c0') in 0.000524 seconds
Number of updated asset objects reloaded before import = 0
Number of asset objects unloaded after import = 0
========================================================================
Received Import Request.
  Time since last request: 0.194984 seconds.
  path: Assets/Scripts/Task/LogicCondition.cs
  artifactKey: Guid(7719189f6bb8a674ea73474603ca54ae) Importer(815301076,1909f56bfc062723c751e8b465ee728b)
Start importing Assets/Scripts/Task/LogicCondition.cs using Guid(7719189f6bb8a674ea73474603ca54ae) Importer(815301076,1909f56bfc062723c751e8b465ee728b)  -> (artifact id: '2c16dc0ff4fbf78586138334bf378b37') in 0.000965 seconds
Number of updated asset objects reloaded before import = 0
Number of asset objects unloaded after import = 0
========================================================================
Received Prepare
Begin MonoManager ReloadAssembly
Assembly 'Assets/Plugins/Editor/JetBrains/JetBrains.Rider.Unity.Editor.Plugin.Repacked.dll' will not be loaded due to errors:
Assembly name 'JetBrains.Rider.Unity.Editor.Plugin.Full.Repacked' does not match file name 'JetBrains.Rider.Unity.Editor.Plugin.Repacked'
Symbol file LoadedFromMemory is not a mono symbol file
- Loaded All Assemblies, in  1.042 seconds
Refreshing native plugins compatible for Editor in 9.58 ms, found 2 plugins.
Native extension for WindowsStandalone target not found
Native extension for Android target not found
[Package Manager] Server::EnsureServerProcessIsRunning -- launch failed, reason: Unity was launched with the -noUpm command-line argument
[Package Manager] UpmClient::Send -- Unable to send message (not connected to UPM process).
[Package Manager] Cannot connect to Unity Package Manager local server
Mono: successfully reloaded assembly
- Finished resetting the current domain, in  1.031 seconds
Domain Reload Profiling: 2068ms
	BeginReloadAssembly (596ms)
		ExecutionOrderSort (0ms)
		DisableScriptedObjects (9ms)
		BackupInstance (0ms)
		ReleaseScriptingObjects (0ms)
		CreateAndSetChildDomain (85ms)
	RebuildCommonClasses (37ms)
	RebuildNativeTypeToScriptingClass (12ms)
	initialDomainReloadingComplete (36ms)
	LoadAllAssembliesAndSetupDomain (356ms)
		LoadAssemblies (424ms)
		RebuildTransferFunctionScriptingTraits (0ms)
		AnalyzeDomain (73ms)
			TypeCache.Refresh (51ms)
				TypeCache.ScanAssembly (40ms)
			ScanForSourceGeneratedMonoScriptInfo (18ms)
			ResolveRequiredComponents (3ms)
	FinalizeReload (1031ms)
		ReleaseScriptCaches (0ms)
		RebuildScriptCaches (0ms)
		SetupLoadedEditorAssemblies (646ms)
			LogAssemblyErrors (0ms)
			InitializePlatformSupportModulesInManaged (34ms)
			SetLoadedEditorAssemblies (5ms)
			RefreshPlugins (0ms)
			BeforeProcessingInitializeOnLoad (95ms)
			ProcessInitializeOnLoadAttributes (323ms)
			ProcessInitializeOnLoadMethodAttributes (176ms)
			AfterProcessingInitializeOnLoad (12ms)
			EditorAssembliesLoaded (0ms)
		ExecutionOrderSort2 (0ms)
		AwakeInstancesAfterBackupRestoration (7ms)
Refreshing native plugins compatible for Editor in 9.06 ms, found 2 plugins.
Preloading 0 native plugins for Editor in 0.00 ms.
Unloading 2554 Unused Serialized files (Serialized files now loaded: 0)
Unloading 55 unused Assets / (43.7 KB). Loaded Objects now: 3013.
Memory consumption went from 115.6 MB to 115.6 MB.
Total: 5.756200 ms (FindLiveObjects: 0.251000 ms CreateObjectMapping: 0.168600 ms MarkObjects: 5.261100 ms  DeleteObjects: 0.074500 ms)

Prepare: number of updated asset objects reloaded= 0
AssetImportParameters requested are different than current active one (requested -> active):
  custom:video-decoder-webm-vp8: 9c59270c3fd7afecdb556c50c9e8de78 -> 
  custom:SearchIndexIgnoredProperties: e643bd26f0fe6173181afceb89e7c659 -> 
  custom:container-demuxer-ogg: 62fdf1f143b41e24485cea50d1cbac27 -> 
  custom:AudioImporter_EditorPlatform: d09bf68614088b80899f8185d706f6e7 -> 
  custom:video-decoder-ogg-theora: a1e56fd34408186e4bbccfd4996cb3dc -> 
  custom:framework-win-MediaFoundation: 216162199b28c13a410421893ffa2e32 -> 
  custom:video-encoder-webm-vp8: eb34c28f22e8b96e1ab97ce403110664 -> 
  custom:audio-decoder-ogg-vorbis: bf7c407c2cedff20999df2af8eb42d56 -> 
  custom:CustomObjectIndexerAttribute: 756ad292c208cfabdd7b50bc23989ffe -> 
  custom:container-demuxer-webm: 4f35f7cbe854078d1ac9338744f61a02 -> 
  custom:audio-encoder-webm-vorbis: bf7c407c2cedff20999df2af8eb42d56 -> 
  custom:container-muxer-webm: aa71ff27fc2769a1b78a27578f13a17b -> 
========================================================================
Received Prepare
Begin MonoManager ReloadAssembly
Assembly 'Assets/Plugins/Editor/JetBrains/JetBrains.Rider.Unity.Editor.Plugin.Repacked.dll' will not be loaded due to errors:
Assembly name 'JetBrains.Rider.Unity.Editor.Plugin.Full.Repacked' does not match file name 'JetBrains.Rider.Unity.Editor.Plugin.Repacked'
Symbol file LoadedFromMemory is not a mono symbol file
- Loaded All Assemblies, in  0.831 seconds
Refreshing native plugins compatible for Editor in 11.35 ms, found 2 plugins.
Native extension for WindowsStandalone target not found
Native extension for Android target not found
[Package Manager] Server::EnsureServerProcessIsRunning -- launch failed, reason: Unity was launched with the -noUpm command-line argument
[Package Manager] UpmClient::Send -- Unable to send message (not connected to UPM process).
[Package Manager] Cannot connect to Unity Package Manager local server
Mono: successfully reloaded assembly
- Finished resetting the current domain, in  1.096 seconds
Domain Reload Profiling: 1922ms
	BeginReloadAssembly (369ms)
		ExecutionOrderSort (0ms)
		DisableScriptedObjects (9ms)
		BackupInstance (0ms)
		ReleaseScriptingObjects (0ms)
		CreateAndSetChildDomain (36ms)
	RebuildCommonClasses (36ms)
	RebuildNativeTypeToScriptingClass (13ms)
	initialDomainReloadingComplete (37ms)
	LoadAllAssembliesAndSetupDomain (369ms)
		LoadAssemblies (440ms)
		RebuildTransferFunctionScriptingTraits (0ms)
		AnalyzeDomain (24ms)
			TypeCache.Refresh (11ms)
				TypeCache.ScanAssembly (1ms)
			ScanForSourceGeneratedMonoScriptInfo (8ms)
			ResolveRequiredComponents (4ms)
	FinalizeReload (1097ms)
		ReleaseScriptCaches (0ms)
		RebuildScriptCaches (0ms)
		SetupLoadedEditorAssemblies (652ms)
			LogAssemblyErrors (0ms)
			InitializePlatformSupportModulesInManaged (31ms)
			SetLoadedEditorAssemblies (6ms)
			RefreshPlugins (0ms)
			BeforeProcessingInitializeOnLoad (101ms)
			ProcessInitializeOnLoadAttributes (321ms)
			ProcessInitializeOnLoadMethodAttributes (180ms)
			AfterProcessingInitializeOnLoad (12ms)
			EditorAssembliesLoaded (0ms)
		ExecutionOrderSort2 (0ms)
		AwakeInstancesAfterBackupRestoration (7ms)
Refreshing native plugins compatible for Editor in 9.76 ms, found 2 plugins.
Preloading 0 native plugins for Editor in 0.00 ms.
Unloading 2555 Unused Serialized files (Serialized files now loaded: 0)
Unloading 55 unused Assets / (43.6 KB). Loaded Objects now: 3016.
Memory consumption went from 117.8 MB to 117.8 MB.
Total: 7.844900 ms (FindLiveObjects: 0.236600 ms CreateObjectMapping: 0.851800 ms MarkObjects: 6.662600 ms  DeleteObjects: 0.092700 ms)

Prepare: number of updated asset objects reloaded= 0
AssetImportParameters requested are different than current active one (requested -> active):
  custom:video-decoder-webm-vp8: 9c59270c3fd7afecdb556c50c9e8de78 -> 
  custom:SearchIndexIgnoredProperties: e643bd26f0fe6173181afceb89e7c659 -> 
  custom:container-demuxer-ogg: 62fdf1f143b41e24485cea50d1cbac27 -> 
  custom:AudioImporter_EditorPlatform: d09bf68614088b80899f8185d706f6e7 -> 
  custom:video-decoder-ogg-theora: a1e56fd34408186e4bbccfd4996cb3dc -> 
  custom:framework-win-MediaFoundation: 216162199b28c13a410421893ffa2e32 -> 
  custom:video-encoder-webm-vp8: eb34c28f22e8b96e1ab97ce403110664 -> 
  custom:audio-decoder-ogg-vorbis: bf7c407c2cedff20999df2af8eb42d56 -> 
  custom:CustomObjectIndexerAttribute: 756ad292c208cfabdd7b50bc23989ffe -> 
  custom:container-demuxer-webm: 4f35f7cbe854078d1ac9338744f61a02 -> 
  custom:audio-encoder-webm-vorbis: bf7c407c2cedff20999df2af8eb42d56 -> 
  custom:container-muxer-webm: aa71ff27fc2769a1b78a27578f13a17b -> 
========================================================================
Received Import Request.
  Time since last request: 165.120797 seconds.
  path: Assets/Scripts/Skill/SkillManager.cs
  artifactKey: Guid(444a978672b6ece479155d2bdd222d43) Importer(815301076,1909f56bfc062723c751e8b465ee728b)
Start importing Assets/Scripts/Skill/SkillManager.cs using Guid(444a978672b6ece479155d2bdd222d43) Importer(815301076,1909f56bfc062723c751e8b465ee728b)  -> (artifact id: '12bacf7380c1f464b9ec09e530ad7417') in 0.004308 seconds
Number of updated asset objects reloaded before import = 0
Number of asset objects unloaded after import = 0
