Using pre-set license
Built from '2022.3/china_unity/release' branch; Version is '2022.3.14f1c1 (25540d4d24fc) revision 2446349'; Using compiler version '192829333'; Build Type 'Release'
OS: 'Windows 10  (10.0.19045) 64bit Professional' Language: 'zh' Physical Memory: 32710 MB
BatchMode: 1, IsHumanControllingUs: 0, StartBugReporterOnCrash: 0, Is64bit: 1, IsPro: 1

COMMAND LINE ARGUMENTS:
C:\Program Files\Unity\Hub\Editor\2022.3.14f1c1\Editor\Unity.exe
-adb2
-batchMode
-noUpm
-name
AssetImportWorker0
-projectPath
D:/UnityProject/FunWorld_War/参考/startcraft-unity3d-master
-logFile
Logs/AssetImportWorker0.log
-srvPort
62114
Successfully changed project path to: D:/UnityProject/FunWorld_War/参考/startcraft-unity3d-master
D:/UnityProject/FunWorld_War/参考/startcraft-unity3d-master
[UnityMemory] Configuration Parameters - Can be set up in boot.config
    "memorysetup-bucket-allocator-granularity=16"
    "memorysetup-bucket-allocator-bucket-count=8"
    "memorysetup-bucket-allocator-block-size=33554432"
    "memorysetup-bucket-allocator-block-count=8"
    "memorysetup-main-allocator-block-size=16777216"
    "memorysetup-thread-allocator-block-size=16777216"
    "memorysetup-gfx-main-allocator-block-size=16777216"
    "memorysetup-gfx-thread-allocator-block-size=16777216"
    "memorysetup-cache-allocator-block-size=4194304"
    "memorysetup-typetree-allocator-block-size=2097152"
    "memorysetup-profiler-bucket-allocator-granularity=16"
    "memorysetup-profiler-bucket-allocator-bucket-count=8"
    "memorysetup-profiler-bucket-allocator-block-size=33554432"
    "memorysetup-profiler-bucket-allocator-block-count=8"
    "memorysetup-profiler-allocator-block-size=16777216"
    "memorysetup-profiler-editor-allocator-block-size=1048576"
    "memorysetup-temp-allocator-size-main=16777216"
    "memorysetup-job-temp-allocator-block-size=2097152"
    "memorysetup-job-temp-allocator-block-size-background=1048576"
    "memorysetup-job-temp-allocator-reduction-small-platforms=262144"
    "memorysetup-allocator-temp-initial-block-size-main=262144"
    "memorysetup-allocator-temp-initial-block-size-worker=262144"
    "memorysetup-temp-allocator-size-background-worker=32768"
    "memorysetup-temp-allocator-size-job-worker=262144"
    "memorysetup-temp-allocator-size-preload-manager=33554432"
    "memorysetup-temp-allocator-size-nav-mesh-worker=65536"
    "memorysetup-temp-allocator-size-audio-worker=65536"
    "memorysetup-temp-allocator-size-cloud-worker=32768"
    "memorysetup-temp-allocator-size-gi-baking-worker=262144"
    "memorysetup-temp-allocator-size-gfx=262144"
Player connection [24056] Host "[IP] 192.168.13.141 [Port] 0 [Flags] 2 [Guid] 2652972330 [EditorId] 2652972330 [Version] 1048832 [Id] WindowsEditor(7,SK-20220725NFXU) [Debug] 1 [PackageName] WindowsEditor [ProjectName] Editor" joined multi-casting on [225.0.0.222:54997]...

Player connection [24056] Host "[IP] 192.168.13.141 [Port] 0 [Flags] 2 [Guid] 2652972330 [EditorId] 2652972330 [Version] 1048832 [Id] WindowsEditor(7,SK-20220725NFXU) [Debug] 1 [PackageName] WindowsEditor [ProjectName] Editor" joined alternative multi-casting on [225.0.0.222:34997]...

[Physics::Module] Initialized MultithreadedJobDispatcher with 7 workers.
Refreshing native plugins compatible for Editor in 8.95 ms, found 0 plugins.
Preloading 0 native plugins for Editor in 0.00 ms.
Initialize engine version: 2022.3.14f1c1 (25540d4d24fc)
[Subsystems] Discovering subsystems at path C:/Program Files/Unity/Hub/Editor/2022.3.14f1c1/Editor/Data/Resources/UnitySubsystems
[Subsystems] Discovering subsystems at path D:/UnityProject/FunWorld_War/参考/startcraft-unity3d-master/Assets
GfxDevice: creating device client; threaded=0; jobified=0
Direct3D:
    Version:  Direct3D 11.0 [level 11.1]
    Renderer: NVIDIA GeForce RTX 2060 (ID=0x1e89)
    Vendor:   NVIDIA
    VRAM:     5958 MB
    Driver:   31.0.15.3623
Initialize mono
Mono path[0] = 'C:/Program Files/Unity/Hub/Editor/2022.3.14f1c1/Editor/Data/Managed'
Mono path[1] = 'C:/Program Files/Unity/Hub/Editor/2022.3.14f1c1/Editor/Data/MonoBleedingEdge/lib/mono/unityjit-win32'
Mono config path = 'C:/Program Files/Unity/Hub/Editor/2022.3.14f1c1/Editor/Data/MonoBleedingEdge/etc'
Using monoOptions --debugger-agent=transport=dt_socket,embedding=1,server=y,suspend=n,address=127.0.0.1:56216
Begin MonoManager ReloadAssembly
Registering precompiled unity dll's ...
Register platform support module: C:/Program Files/Unity/Hub/Editor/2022.3.14f1c1/Editor/Data/PlaybackEngines/AndroidPlayer/UnityEditor.Android.Extensions.dll
Register platform support module: C:/Program Files/Unity/Hub/Editor/2022.3.14f1c1/Editor/Data/PlaybackEngines/WindowsStandaloneSupport/UnityEditor.WindowsStandalone.Extensions.dll
Registered in 0.013228 seconds.
- Loaded All Assemblies, in  0.504 seconds
Native extension for WindowsStandalone target not found
Native extension for Android target not found
Android Extension - Scanning For ADB Devices 708 ms
Mono: successfully reloaded assembly
- Finished resetting the current domain, in  1.195 seconds
Domain Reload Profiling: 1696ms
	BeginReloadAssembly (158ms)
		ExecutionOrderSort (0ms)
		DisableScriptedObjects (0ms)
		BackupInstance (0ms)
		ReleaseScriptingObjects (0ms)
		CreateAndSetChildDomain (1ms)
	RebuildCommonClasses (54ms)
	RebuildNativeTypeToScriptingClass (12ms)
	initialDomainReloadingComplete (78ms)
	LoadAllAssembliesAndSetupDomain (198ms)
		LoadAssemblies (152ms)
		RebuildTransferFunctionScriptingTraits (0ms)
		AnalyzeDomain (196ms)
			TypeCache.Refresh (194ms)
				TypeCache.ScanAssembly (178ms)
			ScanForSourceGeneratedMonoScriptInfo (0ms)
			ResolveRequiredComponents (0ms)
	FinalizeReload (1196ms)
		ReleaseScriptCaches (0ms)
		RebuildScriptCaches (0ms)
		SetupLoadedEditorAssemblies (1130ms)
			LogAssemblyErrors (0ms)
			InitializePlatformSupportModulesInManaged (850ms)
			SetLoadedEditorAssemblies (7ms)
			RefreshPlugins (0ms)
			BeforeProcessingInitializeOnLoad (3ms)
			ProcessInitializeOnLoadAttributes (205ms)
			ProcessInitializeOnLoadMethodAttributes (64ms)
			AfterProcessingInitializeOnLoad (0ms)
			EditorAssembliesLoaded (0ms)
		ExecutionOrderSort2 (0ms)
		AwakeInstancesAfterBackupRestoration (0ms)
========================================================================
Worker process is ready to serve import requests
Begin MonoManager ReloadAssembly
- Loaded All Assemblies, in  0.389 seconds
Refreshing native plugins compatible for Editor in 7.47 ms, found 0 plugins.
Native extension for WindowsStandalone target not found
Native extension for Android target not found
Checking For Updates... 06/06/2024 09:31:38
A* Pathfinding Project
UnityEngine.StackTraceUtility:ExtractStackTrace ()
UnityEngine.DebugLogHandler:LogFormat (UnityEngine.LogType,UnityEngine.Object,string,object[])
UnityEngine.Logger:Log (UnityEngine.LogType,object)
UnityEngine.Debug:Log (object)
AstarPathEditor:CheckForUpdates () (at Assets/AstarPathfindingProject/Editor/AstarPathEditor.cs:626)
AstarPathEditor/UpdateChecker:.cctor () (at Assets/AstarPathfindingProject/Editor/AstarPathEditor.cs:2415)
System.Runtime.CompilerServices.RuntimeHelpers:RunClassConstructor (System.RuntimeTypeHandle)
UnityEditor.EditorAssemblies:ProcessInitializeOnLoadAttributes (System.Type[])

(Filename: Assets/AstarPathfindingProject/Editor/AstarPathEditor.cs Line: 626)

Non-secure network connections disabled in Player Settings
UnityEngine.StackTraceUtility:ExtractStackTrace ()
UnityEngine.Networking.UnityWebRequest:SendWebRequest ()
UnityEngine.WWW:.ctor (string)
AstarPathEditor:CheckForUpdates () (at Assets/AstarPathfindingProject/Editor/AstarPathEditor.cs:642)
AstarPathEditor/UpdateChecker:.cctor () (at Assets/AstarPathfindingProject/Editor/AstarPathEditor.cs:2415)
System.Runtime.CompilerServices.RuntimeHelpers:RunClassConstructor (System.RuntimeTypeHandle)
UnityEditor.EditorAssemblies:ProcessInitializeOnLoadAttributes (System.Type[])

[Assets/AstarPathfindingProject/Editor/AstarPathEditor.cs line 642]

System.InvalidOperationException: Insecure connection not allowed
  at (wrapper managed-to-native) UnityEngine.Networking.UnityWebRequest.BeginWebRequest(UnityEngine.Networking.UnityWebRequest)
  at UnityEngine.Networking.UnityWebRequest.SendWebRequest () [0x00001] in <2d989207a9e14c159f459b95177ec6ea>:0 
  at UnityEngine.WWW..ctor (System.String url) [0x00014] in <7234621a0f72448689c67e103dcb6123>:0 
  at AstarPathEditor.CheckForUpdates () [0x00253] in D:\UnityProject\FunWorld_War\参考\startcraft-unity3d-master\Assets\AstarPathfindingProject\Editor\AstarPathEditor.cs:642 
  at AstarPathEditor+UpdateChecker..cctor () [0x00001] in D:\UnityProject\FunWorld_War\参考\startcraft-unity3d-master\Assets\AstarPathfindingProject\Editor\AstarPathEditor.cs:2415 
UnityEngine.StackTraceUtility:ExtractStackTrace ()
UnityEngine.DebugLogHandler:LogFormat (UnityEngine.LogType,UnityEngine.Object,string,object[])
UnityEngine.Logger:Log (UnityEngine.LogType,object)
UnityEngine.Debug:LogError (object)
UnityEditor.EditorAssemblies:ProcessInitializeOnLoadAttributes (System.Type[])

Mono: successfully reloaded assembly
- Finished resetting the current domain, in  0.425 seconds
Domain Reload Profiling: 810ms
	BeginReloadAssembly (152ms)
		ExecutionOrderSort (0ms)
		DisableScriptedObjects (6ms)
		BackupInstance (0ms)
		ReleaseScriptingObjects (0ms)
		CreateAndSetChildDomain (23ms)
	RebuildCommonClasses (35ms)
	RebuildNativeTypeToScriptingClass (11ms)
	initialDomainReloadingComplete (45ms)
	LoadAllAssembliesAndSetupDomain (142ms)
		LoadAssemblies (204ms)
		RebuildTransferFunctionScriptingTraits (0ms)
		AnalyzeDomain (25ms)
			TypeCache.Refresh (19ms)
				TypeCache.ScanAssembly (11ms)
			ScanForSourceGeneratedMonoScriptInfo (3ms)
			ResolveRequiredComponents (3ms)
	FinalizeReload (425ms)
		ReleaseScriptCaches (0ms)
		RebuildScriptCaches (0ms)
		SetupLoadedEditorAssemblies (282ms)
			LogAssemblyErrors (0ms)
			InitializePlatformSupportModulesInManaged (31ms)
			SetLoadedEditorAssemblies (4ms)
			RefreshPlugins (0ms)
			BeforeProcessingInitializeOnLoad (43ms)
			ProcessInitializeOnLoadAttributes (169ms)
			ProcessInitializeOnLoadMethodAttributes (24ms)
			AfterProcessingInitializeOnLoad (11ms)
			EditorAssembliesLoaded (0ms)
		ExecutionOrderSort2 (0ms)
		AwakeInstancesAfterBackupRestoration (7ms)
Launched and connected shader compiler UnityShaderCompiler.exe after 0.05 seconds
Refreshing native plugins compatible for Editor in 7.99 ms, found 0 plugins.
Preloading 0 native plugins for Editor in 0.00 ms.
Unloading 371 Unused Serialized files (Serialized files now loaded: 0)
Unloading 26 unused Assets / (60.6 KB). Loaded Objects now: 838.
Memory consumption went from 76.2 MB to 76.1 MB.
Total: 3.082200 ms (FindLiveObjects: 0.087800 ms CreateObjectMapping: 0.017700 ms MarkObjects: 2.873600 ms  DeleteObjects: 0.101000 ms)

AssetImportParameters requested are different than current active one (requested -> active):
  custom:video-encoder-webm-vp8: eb34c28f22e8b96e1ab97ce403110664 -> 
  custom:video-decoder-webm-vp8: 9c59270c3fd7afecdb556c50c9e8de78 -> 
  custom:audio-decoder-ogg-vorbis: bf7c407c2cedff20999df2af8eb42d56 -> 
  custom:video-decoder-ogg-theora: a1e56fd34408186e4bbccfd4996cb3dc -> 
  custom:audio-encoder-webm-vorbis: bf7c407c2cedff20999df2af8eb42d56 -> 
  custom:container-demuxer-webm: 4f35f7cbe854078d1ac9338744f61a02 -> 
  custom:container-muxer-webm: aa71ff27fc2769a1b78a27578f13a17b -> 
  custom:container-demuxer-ogg: 62fdf1f143b41e24485cea50d1cbac27 -> 
  custom:AudioImporter_EditorPlatform: d09bf68614088b80899f8185d706f6e7 -> 
  custom:framework-win-MediaFoundation: 216162199b28c13a410421893ffa2e32 -> 
========================================================================
Received Import Request.
  Time since last request: 102009.091535 seconds.
  path: Assets/scripts/Utils.cs
  artifactKey: Guid(3728ce82600442849bd85aa41c90ba03) Importer(815301076,1909f56bfc062723c751e8b465ee728b)
Start importing Assets/scripts/Utils.cs using Guid(3728ce82600442849bd85aa41c90ba03) Importer(815301076,1909f56bfc062723c751e8b465ee728b)  -> (artifact id: '7cebeac79a51b74d0bfd2bac6611d9ba') in 0.009876 seconds
Number of updated asset objects reloaded before import = 0
Number of asset objects unloaded after import = 0
========================================================================
Received Prepare
Refreshing native plugins compatible for Editor in 7.91 ms, found 0 plugins.
Preloading 0 native plugins for Editor in 0.00 ms.
Unloading 0 Unused Serialized files (Serialized files now loaded: 0)
Unloading 1 unused Assets / (0.8 KB). Loaded Objects now: 838.
Memory consumption went from 67.7 MB to 67.7 MB.
Total: 1.987400 ms (FindLiveObjects: 0.072700 ms CreateObjectMapping: 0.014000 ms MarkObjects: 1.883100 ms  DeleteObjects: 0.016700 ms)

Prepare: number of updated asset objects reloaded= 0
AssetImportParameters requested are different than current active one (requested -> active):
  custom:video-encoder-webm-vp8: eb34c28f22e8b96e1ab97ce403110664 -> 
  custom:video-decoder-webm-vp8: 9c59270c3fd7afecdb556c50c9e8de78 -> 
  custom:audio-decoder-ogg-vorbis: bf7c407c2cedff20999df2af8eb42d56 -> 
  custom:video-decoder-ogg-theora: a1e56fd34408186e4bbccfd4996cb3dc -> 
  custom:audio-encoder-webm-vorbis: bf7c407c2cedff20999df2af8eb42d56 -> 
  custom:container-demuxer-webm: 4f35f7cbe854078d1ac9338744f61a02 -> 
  custom:SearchIndexIgnoredProperties: e643bd26f0fe6173181afceb89e7c659 -> 
  custom:container-muxer-webm: aa71ff27fc2769a1b78a27578f13a17b -> 
  custom:container-demuxer-ogg: 62fdf1f143b41e24485cea50d1cbac27 -> 
  custom:AudioImporter_EditorPlatform: d09bf68614088b80899f8185d706f6e7 -> 
  custom:CustomObjectIndexerAttribute: 756ad292c208cfabdd7b50bc23989ffe -> 
  custom:framework-win-MediaFoundation: 216162199b28c13a410421893ffa2e32 -> 
========================================================================
Received Import Request.
  Time since last request: 42.054038 seconds.
  path: Assets/prefabs/buildings/Extractor.prefab
  artifactKey: Guid(349e5ef00b78a40c1adb55f7a169ccfa) Importer(815301076,1909f56bfc062723c751e8b465ee728b)
Start importing Assets/prefabs/buildings/Extractor.prefab using Guid(349e5ef00b78a40c1adb55f7a169ccfa) Importer(815301076,1909f56bfc062723c751e8b465ee728b)  -> (artifact id: '6852958c0a061a7d4daf67ea8ab27c8a') in 0.194619 seconds
Number of updated asset objects reloaded before import = 0
Number of asset objects unloaded after import = 51
========================================================================
Received Import Request.
  Time since last request: 0.709946 seconds.
  path: Assets/prefabs/buildings/EngineeringBay.prefab
  artifactKey: Guid(949a21b1d791849f187f971554a5c7da) Importer(815301076,1909f56bfc062723c751e8b465ee728b)
Start importing Assets/prefabs/buildings/EngineeringBay.prefab using Guid(949a21b1d791849f187f971554a5c7da) Importer(815301076,1909f56bfc062723c751e8b465ee728b)  -> (artifact id: 'e3b943a44041fec581b35233a21cc706') in 0.096612 seconds
Number of updated asset objects reloaded before import = 0
Number of asset objects unloaded after import = 111
========================================================================
Received Import Request.
  Time since last request: 0.609124 seconds.
  path: Assets/prefabs/buildings/Base.prefab
  artifactKey: Guid(d61926e999b6c4d6dbc0add863910686) Importer(815301076,1909f56bfc062723c751e8b465ee728b)
Start importing Assets/prefabs/buildings/Base.prefab using Guid(d61926e999b6c4d6dbc0add863910686) Importer(815301076,1909f56bfc062723c751e8b465ee728b)  -> (artifact id: '659eff5449859d6c05318f92ee594477') in 0.515258 seconds
Number of updated asset objects reloaded before import = 0
Number of asset objects unloaded after import = 811
========================================================================
Received Import Request.
  Time since last request: 0.916151 seconds.
  path: Assets/prefabs/buildings/Factory.prefab
  artifactKey: Guid(9bafde2ac1e9d4782b3418bb4cfb0d6f) Importer(815301076,1909f56bfc062723c751e8b465ee728b)
Start importing Assets/prefabs/buildings/Factory.prefab using Guid(9bafde2ac1e9d4782b3418bb4cfb0d6f) Importer(815301076,1909f56bfc062723c751e8b465ee728b)  -> (artifact id: 'af7d72c0d0fa0689975bebfdd305c15c') in 0.034884 seconds
Number of updated asset objects reloaded before import = 0
Number of asset objects unloaded after import = 480
========================================================================
Received Import Request.
  Time since last request: 0.253339 seconds.
  path: Assets/prefabs/buildings/SupplyDepot.prefab
  artifactKey: Guid(8e0e171612c454d9fa9dac894534ec88) Importer(815301076,1909f56bfc062723c751e8b465ee728b)
Start importing Assets/prefabs/buildings/SupplyDepot.prefab using Guid(8e0e171612c454d9fa9dac894534ec88) Importer(815301076,1909f56bfc062723c751e8b465ee728b)  -> (artifact id: 'a174938c9e9f3efc806da758d1028cbe') in 0.007080 seconds
Number of updated asset objects reloaded before import = 0
Number of asset objects unloaded after import = 16
========================================================================
Received Import Request.
  Time since last request: 9.212341 seconds.
  path: Assets/scripts/playable/buildings/GasExtractor.cs
  artifactKey: Guid(6989be524d7f7470c9e8ae7f329b1115) Importer(815301076,1909f56bfc062723c751e8b465ee728b)
Start importing Assets/scripts/playable/buildings/GasExtractor.cs using Guid(6989be524d7f7470c9e8ae7f329b1115) Importer(815301076,1909f56bfc062723c751e8b465ee728b)  -> (artifact id: '7d750cf96f72ceb0bfca9232e2f32927') in 0.005508 seconds
Number of updated asset objects reloaded before import = 0
Number of asset objects unloaded after import = 0
========================================================================
Received Import Request.
  Time since last request: 0.389610 seconds.
  path: Assets/scripts/playable/buildings/Building.cs
  artifactKey: Guid(ccb00d5ab2bdc4d8c9cc81fa8a406454) Importer(815301076,1909f56bfc062723c751e8b465ee728b)
Start importing Assets/scripts/playable/buildings/Building.cs using Guid(ccb00d5ab2bdc4d8c9cc81fa8a406454) Importer(815301076,1909f56bfc062723c751e8b465ee728b)  -> (artifact id: '24627360a628f0983d79ecc4ac3318eb') in 0.005954 seconds
Number of updated asset objects reloaded before import = 0
Number of asset objects unloaded after import = 0
========================================================================
Received Import Request.
  Time since last request: 1.939579 seconds.
  path: Assets/scripts/playable/buildings
  artifactKey: Guid(154494c6ccc2c4fecbef1b9f68df7839) Importer(815301076,1909f56bfc062723c751e8b465ee728b)
Start importing Assets/scripts/playable/buildings using Guid(154494c6ccc2c4fecbef1b9f68df7839) Importer(815301076,1909f56bfc062723c751e8b465ee728b)  -> (artifact id: '250f230a48f11e5000f10da016623761') in 0.006289 seconds
Number of updated asset objects reloaded before import = 0
Number of asset objects unloaded after import = 0
