Using pre-set license
Built from '2022.3/china_unity/release' branch; Version is '2022.3.14f1c1 (25540d4d24fc) revision 2446349'; Using compiler version '192829333'; Build Type 'Release'
OS: 'Windows 10  (10.0.19045) 64bit Professional' Language: 'zh' Physical Memory: 32710 MB
BatchMode: 1, IsHumanControllingUs: 0, StartBugReporterOnCrash: 0, Is64bit: 1, IsPro: 1

COMMAND LINE ARGUMENTS:
C:\Program Files\Unity\Hub\Editor\2022.3.14f1c1\Editor\Unity.exe
-adb2
-batchMode
-noUpm
-name
AssetImportWorker0
-projectPath
D:/UnityProject/FunWorld_War/参考项目/StarForce
-logFile
Logs/AssetImportWorker0.log
-srvPort
63198
Successfully changed project path to: D:/UnityProject/FunWorld_War/参考项目/StarForce
D:/UnityProject/FunWorld_War/参考项目/StarForce
[UnityMemory] Configuration Parameters - Can be set up in boot.config
    "memorysetup-bucket-allocator-granularity=16"
    "memorysetup-bucket-allocator-bucket-count=8"
    "memorysetup-bucket-allocator-block-size=33554432"
    "memorysetup-bucket-allocator-block-count=8"
    "memorysetup-main-allocator-block-size=16777216"
    "memorysetup-thread-allocator-block-size=16777216"
    "memorysetup-gfx-main-allocator-block-size=16777216"
    "memorysetup-gfx-thread-allocator-block-size=16777216"
    "memorysetup-cache-allocator-block-size=4194304"
    "memorysetup-typetree-allocator-block-size=2097152"
    "memorysetup-profiler-bucket-allocator-granularity=16"
    "memorysetup-profiler-bucket-allocator-bucket-count=8"
    "memorysetup-profiler-bucket-allocator-block-size=33554432"
    "memorysetup-profiler-bucket-allocator-block-count=8"
    "memorysetup-profiler-allocator-block-size=16777216"
    "memorysetup-profiler-editor-allocator-block-size=1048576"
    "memorysetup-temp-allocator-size-main=16777216"
    "memorysetup-job-temp-allocator-block-size=2097152"
    "memorysetup-job-temp-allocator-block-size-background=1048576"
    "memorysetup-job-temp-allocator-reduction-small-platforms=262144"
    "memorysetup-allocator-temp-initial-block-size-main=262144"
    "memorysetup-allocator-temp-initial-block-size-worker=262144"
    "memorysetup-temp-allocator-size-background-worker=32768"
    "memorysetup-temp-allocator-size-job-worker=262144"
    "memorysetup-temp-allocator-size-preload-manager=33554432"
    "memorysetup-temp-allocator-size-nav-mesh-worker=65536"
    "memorysetup-temp-allocator-size-audio-worker=65536"
    "memorysetup-temp-allocator-size-cloud-worker=32768"
    "memorysetup-temp-allocator-size-gi-baking-worker=262144"
    "memorysetup-temp-allocator-size-gfx=262144"
Player connection [42320] Host "[IP] 192.168.10.133 [Port] 0 [Flags] 2 [Guid] 566576436 [EditorId] 566576436 [Version] 1048832 [Id] WindowsEditor(7,SK-20220725NFXU) [Debug] 1 [PackageName] WindowsEditor [ProjectName] Editor" joined multi-casting on [225.0.0.222:54997]...

Player connection [42320] Host "[IP] 192.168.10.133 [Port] 0 [Flags] 2 [Guid] 566576436 [EditorId] 566576436 [Version] 1048832 [Id] WindowsEditor(7,SK-20220725NFXU) [Debug] 1 [PackageName] WindowsEditor [ProjectName] Editor" joined alternative multi-casting on [225.0.0.222:34997]...

[Physics::Module] Initialized MultithreadedJobDispatcher with 7 workers.
Refreshing native plugins compatible for Editor in 6.49 ms, found 0 plugins.
Preloading 0 native plugins for Editor in 0.00 ms.
Initialize engine version: 2022.3.14f1c1 (25540d4d24fc)
[Subsystems] Discovering subsystems at path C:/Program Files/Unity/Hub/Editor/2022.3.14f1c1/Editor/Data/Resources/UnitySubsystems
[Subsystems] Discovering subsystems at path D:/UnityProject/FunWorld_War/参考项目/StarForce/Assets
GfxDevice: creating device client; threaded=0; jobified=0
Direct3D:
    Version:  Direct3D 11.0 [level 11.1]
    Renderer: NVIDIA GeForce RTX 2060 (ID=0x1e89)
    Vendor:   NVIDIA
    VRAM:     5945 MB
    Driver:   32.0.15.6094
Initialize mono
Mono path[0] = 'C:/Program Files/Unity/Hub/Editor/2022.3.14f1c1/Editor/Data/Managed'
Mono path[1] = 'C:/Program Files/Unity/Hub/Editor/2022.3.14f1c1/Editor/Data/MonoBleedingEdge/lib/mono/unityjit-win32'
Mono config path = 'C:/Program Files/Unity/Hub/Editor/2022.3.14f1c1/Editor/Data/MonoBleedingEdge/etc'
Using monoOptions --debugger-agent=transport=dt_socket,embedding=1,server=y,suspend=n,address=127.0.0.1:56728
Begin MonoManager ReloadAssembly
Registering precompiled unity dll's ...
Register platform support module: C:/Program Files/Unity/Hub/Editor/2022.3.14f1c1/Editor/Data/PlaybackEngines/AndroidPlayer/UnityEditor.Android.Extensions.dll
Register platform support module: C:/Program Files/Unity/Hub/Editor/2022.3.14f1c1/Editor/Data/PlaybackEngines/WindowsStandaloneSupport/UnityEditor.WindowsStandalone.Extensions.dll
Registered in 0.016617 seconds.
- Loaded All Assemblies, in  0.473 seconds
Native extension for WindowsStandalone target not found
Native extension for Android target not found
Android Extension - Scanning For ADB Devices 225 ms
Mono: successfully reloaded assembly
- Finished resetting the current domain, in  0.629 seconds
Domain Reload Profiling: 1098ms
	BeginReloadAssembly (141ms)
		ExecutionOrderSort (0ms)
		DisableScriptedObjects (0ms)
		BackupInstance (0ms)
		ReleaseScriptingObjects (0ms)
		CreateAndSetChildDomain (1ms)
	RebuildCommonClasses (41ms)
	RebuildNativeTypeToScriptingClass (13ms)
	initialDomainReloadingComplete (84ms)
	LoadAllAssembliesAndSetupDomain (189ms)
		LoadAssemblies (138ms)
		RebuildTransferFunctionScriptingTraits (0ms)
		AnalyzeDomain (186ms)
			TypeCache.Refresh (184ms)
				TypeCache.ScanAssembly (166ms)
			ScanForSourceGeneratedMonoScriptInfo (0ms)
			ResolveRequiredComponents (1ms)
	FinalizeReload (629ms)
		ReleaseScriptCaches (0ms)
		RebuildScriptCaches (0ms)
		SetupLoadedEditorAssemblies (557ms)
			LogAssemblyErrors (0ms)
			InitializePlatformSupportModulesInManaged (378ms)
			SetLoadedEditorAssemblies (5ms)
			RefreshPlugins (0ms)
			BeforeProcessingInitializeOnLoad (3ms)
			ProcessInitializeOnLoadAttributes (114ms)
			ProcessInitializeOnLoadMethodAttributes (56ms)
			AfterProcessingInitializeOnLoad (0ms)
			EditorAssembliesLoaded (0ms)
		ExecutionOrderSort2 (0ms)
		AwakeInstancesAfterBackupRestoration (0ms)
========================================================================
Worker process is ready to serve import requests
Begin MonoManager ReloadAssembly
- Loaded All Assemblies, in  1.723 seconds
Refreshing native plugins compatible for Editor in 1.64 ms, found 0 plugins.
Native extension for WindowsStandalone target not found
Native extension for Android target not found
Mono: successfully reloaded assembly
- Finished resetting the current domain, in  0.446 seconds
Domain Reload Profiling: 2164ms
	BeginReloadAssembly (207ms)
		ExecutionOrderSort (0ms)
		DisableScriptedObjects (7ms)
		BackupInstance (0ms)
		ReleaseScriptingObjects (0ms)
		CreateAndSetChildDomain (26ms)
	RebuildCommonClasses (38ms)
	RebuildNativeTypeToScriptingClass (11ms)
	initialDomainReloadingComplete (52ms)
	LoadAllAssembliesAndSetupDomain (1411ms)
		LoadAssemblies (1495ms)
		RebuildTransferFunctionScriptingTraits (0ms)
		AnalyzeDomain (45ms)
			TypeCache.Refresh (35ms)
				TypeCache.ScanAssembly (25ms)
			ScanForSourceGeneratedMonoScriptInfo (5ms)
			ResolveRequiredComponents (4ms)
	FinalizeReload (446ms)
		ReleaseScriptCaches (0ms)
		RebuildScriptCaches (0ms)
		SetupLoadedEditorAssemblies (276ms)
			LogAssemblyErrors (0ms)
			InitializePlatformSupportModulesInManaged (33ms)
			SetLoadedEditorAssemblies (4ms)
			RefreshPlugins (0ms)
			BeforeProcessingInitializeOnLoad (52ms)
			ProcessInitializeOnLoadAttributes (148ms)
			ProcessInitializeOnLoadMethodAttributes (26ms)
			AfterProcessingInitializeOnLoad (13ms)
			EditorAssembliesLoaded (0ms)
		ExecutionOrderSort2 (0ms)
		AwakeInstancesAfterBackupRestoration (7ms)
Launched and connected shader compiler UnityShaderCompiler.exe after 0.05 seconds
Refreshing native plugins compatible for Editor in 1.40 ms, found 0 plugins.
Preloading 0 native plugins for Editor in 0.00 ms.
Unloading 693 Unused Serialized files (Serialized files now loaded: 0)
Unloading 14 unused Assets / (51.9 KB). Loaded Objects now: 1161.
Memory consumption went from 71.3 MB to 71.2 MB.
Total: 3.634200 ms (FindLiveObjects: 0.094000 ms CreateObjectMapping: 0.030600 ms MarkObjects: 3.395100 ms  DeleteObjects: 0.113500 ms)

AssetImportParameters requested are different than current active one (requested -> active):
  custom:video-encoder-webm-vp8: eb34c28f22e8b96e1ab97ce403110664 -> 
  custom:video-decoder-webm-vp8: 9c59270c3fd7afecdb556c50c9e8de78 -> 
  custom:audio-decoder-ogg-vorbis: bf7c407c2cedff20999df2af8eb42d56 -> 
  custom:video-decoder-ogg-theora: a1e56fd34408186e4bbccfd4996cb3dc -> 
  custom:audio-encoder-webm-vorbis: bf7c407c2cedff20999df2af8eb42d56 -> 
  custom:SearchIndexIgnoredProperties: e643bd26f0fe6173181afceb89e7c659 -> 
  custom:container-demuxer-ogg: 62fdf1f143b41e24485cea50d1cbac27 -> 
  custom:AudioImporter_EditorPlatform: d09bf68614088b80899f8185d706f6e7 -> 
  custom:CustomObjectIndexerAttribute: 756ad292c208cfabdd7b50bc23989ffe -> 
  custom:framework-win-MediaFoundation: 216162199b28c13a410421893ffa2e32 -> 
  custom:container-demuxer-webm: 4f35f7cbe854078d1ac9338744f61a02 -> 
  custom:container-muxer-webm: aa71ff27fc2769a1b78a27578f13a17b -> 
========================================================================
Received Import Request.
  Time since last request: 859279.007965 seconds.
  path: Assets/GameMain/DataTables/Aircraft.txt
  artifactKey: Guid(64f3bb52c6a54854688fcc656af2b1c9) Importer(815301076,1909f56bfc062723c751e8b465ee728b)
Start importing Assets/GameMain/DataTables/Aircraft.txt using Guid(64f3bb52c6a54854688fcc656af2b1c9) Importer(815301076,1909f56bfc062723c751e8b465ee728b)  -> (artifact id: 'fcc1cff97d86da1b62414bd49b9283fb') in 0.021548 seconds
Number of updated asset objects reloaded before import = 0
Number of asset objects unloaded after import = 1
========================================================================
Received Import Request.
  Time since last request: 0.000046 seconds.
  path: Assets/GameMain/DataTables/Aircraft.bytes
  artifactKey: Guid(4a17d2c656f5c6b44a31e3ee547a76b0) Importer(815301076,1909f56bfc062723c751e8b465ee728b)
Start importing Assets/GameMain/DataTables/Aircraft.bytes using Guid(4a17d2c656f5c6b44a31e3ee547a76b0) Importer(815301076,1909f56bfc062723c751e8b465ee728b)  -> (artifact id: 'e113eff0ac42b3a774e1992f93fd2644') in 0.001585 seconds
Number of updated asset objects reloaded before import = 0
Number of asset objects unloaded after import = 1
========================================================================
Received Import Request.
  Time since last request: 1.861181 seconds.
  path: Assets/GameMain/DataTables/Armor.bytes
  artifactKey: Guid(239366f83979ffa48a45dac2f0f1e8cb) Importer(815301076,1909f56bfc062723c751e8b465ee728b)
Start importing Assets/GameMain/DataTables/Armor.bytes using Guid(239366f83979ffa48a45dac2f0f1e8cb) Importer(815301076,1909f56bfc062723c751e8b465ee728b)  -> (artifact id: '7159f6d99899c335763756c37aa86159') in 0.001487 seconds
Number of updated asset objects reloaded before import = 0
Number of asset objects unloaded after import = 1
========================================================================
Received Import Request.
  Time since last request: 0.272902 seconds.
  path: Assets/GameMain/DataTables/Armor.txt
  artifactKey: Guid(b2cebe04343227945bab3729ca9a3493) Importer(815301076,1909f56bfc062723c751e8b465ee728b)
Start importing Assets/GameMain/DataTables/Armor.txt using Guid(b2cebe04343227945bab3729ca9a3493) Importer(815301076,1909f56bfc062723c751e8b465ee728b)  -> (artifact id: 'c76bf0d18154ba4b0b13bcd6fe4f74de') in 0.001167 seconds
Number of updated asset objects reloaded before import = 0
Number of asset objects unloaded after import = 1
========================================================================
Received Import Request.
  Time since last request: 0.291834 seconds.
  path: Assets/GameMain/DataTables/Asteroid.bytes
  artifactKey: Guid(e0792649e7774a24d8e7cceba0231c61) Importer(815301076,1909f56bfc062723c751e8b465ee728b)
Start importing Assets/GameMain/DataTables/Asteroid.bytes using Guid(e0792649e7774a24d8e7cceba0231c61) Importer(815301076,1909f56bfc062723c751e8b465ee728b)  -> (artifact id: '6e8269ce216dc3f7529fb48b817faccd') in 0.001236 seconds
Number of updated asset objects reloaded before import = 0
Number of asset objects unloaded after import = 1
========================================================================
Received Import Request.
  Time since last request: 0.109030 seconds.
  path: Assets/GameMain/DataTables/Asteroid.txt
  artifactKey: Guid(ad56aae2bb0f2ce4a86711287e14e223) Importer(815301076,1909f56bfc062723c751e8b465ee728b)
Start importing Assets/GameMain/DataTables/Asteroid.txt using Guid(ad56aae2bb0f2ce4a86711287e14e223) Importer(815301076,1909f56bfc062723c751e8b465ee728b)  -> (artifact id: 'c1070cc74699c0cb550157833a81cb2a') in 0.000883 seconds
Number of updated asset objects reloaded before import = 0
Number of asset objects unloaded after import = 1
========================================================================
Received Import Request.
  Time since last request: 0.208158 seconds.
  path: Assets/GameMain/DataTables/Entity.bytes
  artifactKey: Guid(97d117308cf86924289e81e7e71dd5dd) Importer(815301076,1909f56bfc062723c751e8b465ee728b)
Start importing Assets/GameMain/DataTables/Entity.bytes using Guid(97d117308cf86924289e81e7e71dd5dd) Importer(815301076,1909f56bfc062723c751e8b465ee728b)  -> (artifact id: 'dcdc70f8dccd66d42723735db0e16731') in 0.000869 seconds
Number of updated asset objects reloaded before import = 0
Number of asset objects unloaded after import = 1
========================================================================
Received Import Request.
  Time since last request: 0.322143 seconds.
  path: Assets/GameMain/DataTables/Entity.txt
  artifactKey: Guid(cfe53cf384344bd47a8680f8c5f97a7b) Importer(815301076,1909f56bfc062723c751e8b465ee728b)
Start importing Assets/GameMain/DataTables/Entity.txt using Guid(cfe53cf384344bd47a8680f8c5f97a7b) Importer(815301076,1909f56bfc062723c751e8b465ee728b)  -> (artifact id: '4f68f14cae10ca7ec49cf4cfb5d74f8c') in 0.000992 seconds
Number of updated asset objects reloaded before import = 0
Number of asset objects unloaded after import = 1
========================================================================
Received Import Request.
  Time since last request: 0.161099 seconds.
  path: Assets/GameMain/DataTables/Music.bytes
  artifactKey: Guid(9b433f0bb7fef6f4085c316a0d88c307) Importer(815301076,1909f56bfc062723c751e8b465ee728b)
Start importing Assets/GameMain/DataTables/Music.bytes using Guid(9b433f0bb7fef6f4085c316a0d88c307) Importer(815301076,1909f56bfc062723c751e8b465ee728b)  -> (artifact id: '28fa6c703eb523f622d975ffc71eb570') in 0.000914 seconds
Number of updated asset objects reloaded before import = 0
Number of asset objects unloaded after import = 1
========================================================================
Received Import Request.
  Time since last request: 0.336079 seconds.
  path: Assets/GameMain/DataTables/Music.txt
  artifactKey: Guid(315e8ed2db27c254cb3366ff0793cd90) Importer(815301076,1909f56bfc062723c751e8b465ee728b)
Start importing Assets/GameMain/DataTables/Music.txt using Guid(315e8ed2db27c254cb3366ff0793cd90) Importer(815301076,1909f56bfc062723c751e8b465ee728b)  -> (artifact id: 'cb4dfee394eba37ba7a77f7359db43fb') in 0.000888 seconds
Number of updated asset objects reloaded before import = 0
Number of asset objects unloaded after import = 1
========================================================================
Received Import Request.
  Time since last request: 0.298957 seconds.
  path: Assets/GameMain/DataTables/Sound.bytes
  artifactKey: Guid(9c3faac13c8ced84a9f3018303b7bb98) Importer(815301076,1909f56bfc062723c751e8b465ee728b)
Start importing Assets/GameMain/DataTables/Sound.bytes using Guid(9c3faac13c8ced84a9f3018303b7bb98) Importer(815301076,1909f56bfc062723c751e8b465ee728b)  -> (artifact id: 'd793843712a8ccae2c6a927d7b734f1d') in 0.001195 seconds
Number of updated asset objects reloaded before import = 0
Number of asset objects unloaded after import = 1
========================================================================
Received Import Request.
  Time since last request: 0.082609 seconds.
  path: Assets/GameMain/DataTables/Sound.txt
  artifactKey: Guid(372a8b1e52bedc64b9207b12d167afaa) Importer(815301076,1909f56bfc062723c751e8b465ee728b)
Start importing Assets/GameMain/DataTables/Sound.txt using Guid(372a8b1e52bedc64b9207b12d167afaa) Importer(815301076,1909f56bfc062723c751e8b465ee728b)  -> (artifact id: 'd84451332254335e674314fd90fa5a5d') in 0.001065 seconds
Number of updated asset objects reloaded before import = 0
Number of asset objects unloaded after import = 1
========================================================================
Received Import Request.
  Time since last request: 4535.022434 seconds.
  path: Assets/GameMain/Configs/DataTableCodeTemplate.txt
  artifactKey: Guid(b59e9a408a3f52a4f98d733a6163b171) Importer(815301076,1909f56bfc062723c751e8b465ee728b)
Start importing Assets/GameMain/Configs/DataTableCodeTemplate.txt using Guid(b59e9a408a3f52a4f98d733a6163b171) Importer(815301076,1909f56bfc062723c751e8b465ee728b)  -> (artifact id: 'd5467a79d948562faaad553bf8280828') in 0.066088 seconds
Number of updated asset objects reloaded before import = 0
Number of asset objects unloaded after import = 1
========================================================================
Received Import Request.
  Time since last request: 5.729794 seconds.
  path: Assets/GameMain/Configs/DebuggerSkin.guiskin
  artifactKey: Guid(a4c1cc1e6676f0e48a527bad48941f98) Importer(815301076,1909f56bfc062723c751e8b465ee728b)
Start importing Assets/GameMain/Configs/DebuggerSkin.guiskin using Guid(a4c1cc1e6676f0e48a527bad48941f98) Importer(815301076,1909f56bfc062723c751e8b465ee728b)  -> (artifact id: 'd1894bf4ddda8d03d2a95302a15893b6') in 0.113198 seconds
Number of updated asset objects reloaded before import = 0
Number of asset objects unloaded after import = 1
========================================================================
Received Prepare
Begin MonoManager ReloadAssembly
- Loaded All Assemblies, in  2.758 seconds
Refreshing native plugins compatible for Editor in 1.25 ms, found 0 plugins.
Native extension for WindowsStandalone target not found
Native extension for Android target not found
Mono: successfully reloaded assembly
- Finished resetting the current domain, in  3.428 seconds
Domain Reload Profiling: 6183ms
	BeginReloadAssembly (1592ms)
		ExecutionOrderSort (0ms)
		DisableScriptedObjects (93ms)
		BackupInstance (0ms)
		ReleaseScriptingObjects (16ms)
		CreateAndSetChildDomain (266ms)
	RebuildCommonClasses (37ms)
	RebuildNativeTypeToScriptingClass (50ms)
	initialDomainReloadingComplete (71ms)
	LoadAllAssembliesAndSetupDomain (1004ms)
		LoadAssemblies (1785ms)
		RebuildTransferFunctionScriptingTraits (0ms)
		AnalyzeDomain (164ms)
			TypeCache.Refresh (155ms)
				TypeCache.ScanAssembly (2ms)
			ScanForSourceGeneratedMonoScriptInfo (5ms)
			ResolveRequiredComponents (4ms)
	FinalizeReload (3429ms)
		ReleaseScriptCaches (0ms)
		RebuildScriptCaches (0ms)
		SetupLoadedEditorAssemblies (551ms)
			LogAssemblyErrors (0ms)
			InitializePlatformSupportModulesInManaged (64ms)
			SetLoadedEditorAssemblies (5ms)
			RefreshPlugins (0ms)
			BeforeProcessingInitializeOnLoad (78ms)
			ProcessInitializeOnLoadAttributes (252ms)
			ProcessInitializeOnLoadMethodAttributes (141ms)
			AfterProcessingInitializeOnLoad (12ms)
			EditorAssembliesLoaded (0ms)
		ExecutionOrderSort2 (0ms)
		AwakeInstancesAfterBackupRestoration (96ms)
Refreshing native plugins compatible for Editor in 1.89 ms, found 0 plugins.
Preloading 0 native plugins for Editor in 0.00 ms.
Unloading 686 Unused Serialized files (Serialized files now loaded: 0)
Unloading 10 unused Assets / (25.9 KB). Loaded Objects now: 1164.
Memory consumption went from 71.8 MB to 71.8 MB.
Total: 91.303200 ms (FindLiveObjects: 0.118600 ms CreateObjectMapping: 0.035100 ms MarkObjects: 90.992600 ms  DeleteObjects: 0.155900 ms)

Prepare: number of updated asset objects reloaded= 0
AssetImportParameters requested are different than current active one (requested -> active):
  custom:video-encoder-webm-vp8: eb34c28f22e8b96e1ab97ce403110664 -> 
  custom:video-decoder-webm-vp8: 9c59270c3fd7afecdb556c50c9e8de78 -> 
  custom:audio-decoder-ogg-vorbis: bf7c407c2cedff20999df2af8eb42d56 -> 
  custom:video-decoder-ogg-theora: a1e56fd34408186e4bbccfd4996cb3dc -> 
  custom:audio-encoder-webm-vorbis: bf7c407c2cedff20999df2af8eb42d56 -> 
  custom:SearchIndexIgnoredProperties: e643bd26f0fe6173181afceb89e7c659 -> 
  custom:container-demuxer-ogg: 62fdf1f143b41e24485cea50d1cbac27 -> 
  custom:AudioImporter_EditorPlatform: d09bf68614088b80899f8185d706f6e7 -> 
  custom:CustomObjectIndexerAttribute: 756ad292c208cfabdd7b50bc23989ffe -> 
  custom:framework-win-MediaFoundation: 216162199b28c13a410421893ffa2e32 -> 
  custom:container-demuxer-webm: 4f35f7cbe854078d1ac9338744f61a02 -> 
  custom:container-muxer-webm: aa71ff27fc2769a1b78a27578f13a17b -> 
